<?xml version="1.0" encoding="UTF-8"?>
<testsuite xmlns:xsi="http://www.w3.org/2001/XMLSchema-instance" xsi:schemaLocation="https://maven.apache.org/surefire/maven-surefire-plugin/xsd/surefire-test-report.xsd" name="TestSuite" time="82.615" tests="3" errors="0" skipped="0" failures="0">
  <properties>
[...]
</properties>
  <testcase name="test" classname="se1.TestAuto2" time="11.504"/>
  <testcase name="test" classname="se1.TestAuto2" time="6.777"/>
  <testcase name="test" classname="se1.TestAuto2" time="5.765"/>
</testsuite>